<?xml version="1.0" encoding="UTF-8"?>
<testsuite xmlns:xsi="http://www.w3.org/2001/XMLSchema-instance" xsi:noNamespaceSchemaLocation="https://maven.apache.org/surefire/maven-surefire-plugin/xsd/surefire-test-report.xsd" name="com.stackroute.test.controller.BlogControllerTest" time="0.599" tests="8" errors="3" skipped="0" failures="0">
  <properties>
[...]
</properties>
  <testcase name="givenBlogToUpdateThenShouldNotReturnUpdatedBlog" classname="com.stackroute.test.controller.BlogControllerTest" time="0.405">
    <error message="&#10;Unnecessary stubbings detected.&#10;Clean &amp; maintainable test code requires zero unnecessary code.&#10;Following stubbings are unnecessary (click to navigate to relevant line of code):&#10;  1. -&gt; at com.stackroute.test.controller.BlogControllerTest.givenBlogToUpdateThenShouldNotReturnUpdatedBlog(BlogControllerTest.java:133)&#10;Please remove unnecessary stubbings or use &apos;lenient&apos; strictness. More info: javadoc for UnnecessaryStubbingException class." type="org.mockito.exceptions.misusing.UnnecessaryStubbingException"><![CDATA[org.mockito.exceptions.misusing.UnnecessaryStubbingException: 

Unnecessary stubbings detected.
Clean & maintainable test code requires zero unnecessary code.
Following stubbings are unnecessary (click to navigate to relevant line of code):
  1. -> at com.stackroute.test.controller.BlogControllerTest.givenBlogToUpdateThenShouldNotReturnUpdatedBlog(BlogControllerTest.java:133)
Please remove unnecessary stubbings or use 'lenient' strictness. More info: javadoc for UnnecessaryStubbingException class.
]]></error>
    <system-out><![CDATA[2023-04-26 16:06:02.856  INFO 4744 --- [           main] o.s.mock.web.MockServletContext          : Initializing Spring TestDispatcherServlet ''
2023-04-26 16:06:02.856  INFO 4744 --- [           main] o.s.t.web.servlet.TestDispatcherServlet  : Initializing Servlet ''
2023-04-26 16:06:02.857  INFO 4744 --- [           main] o.s.t.web.servlet.TestDispatcherServlet  : Completed initialization in 1 ms

MockHttpServletRequest:
      HTTP Method = PUT
      Request URI = /api/v1/blog
       Parameters = {}
          Headers = [Content-Type:"application/json", Content-Length:"94"]
             Body = <no character encoding set>
    Session Attrs = {}

Handler:
             Type = com.stackroute.controller.BlogController
           Method = com.stackroute.controller.BlogController#updateBlog(Blog)

Async:
    Async started = false
     Async result = null

Resolved Exception:
             Type = null

ModelAndView:
        View name = null
             View = null
            Model = null

FlashMap:
       Attributes = null

MockHttpServletResponse:
           Status = 200
    Error message = null
          Headers = [Content-Type:"application/json"]
     Content type = application/json
             Body = {"blogId":1,"blogTitle":"DemoBlog","authorName":"Imneet","blogContent":"SampleBlogforTesting"}
    Forwarded URL = null
   Redirected URL = null
          Cookies = []
]]></system-out>
  </testcase>
  <testcase name="givenBlogIdToDeleteThenShouldNotReturnDeletedBlog" classname="com.stackroute.test.controller.BlogControllerTest" time="0.032">
    <error message="Request processing failed; nested exception is com.stackroute.exception.BlogNotFoundException" type="org.springframework.web.util.NestedServletException">org.springframework.web.util.NestedServletException: Request processing failed; nested exception is com.stackroute.exception.BlogNotFoundException
	at com.stackroute.test.controller.BlogControllerTest.givenBlogIdToDeleteThenShouldNotReturnDeletedBlog(BlogControllerTest.java:118)
Caused by: com.stackroute.exception.BlogNotFoundException
</error>
    <system-out><![CDATA[2023-04-26 16:06:03.145  INFO 4744 --- [           main] o.s.mock.web.MockServletContext          : Initializing Spring TestDispatcherServlet ''
2023-04-26 16:06:03.145  INFO 4744 --- [           main] o.s.t.web.servlet.TestDispatcherServlet  : Initializing Servlet ''
2023-04-26 16:06:03.145  INFO 4744 --- [           main] o.s.t.web.servlet.TestDispatcherServlet  : Completed initialization in 0 ms
]]></system-out>
  </testcase>
  <testcase name="givenBlogIdThenShouldReturnRespectiveBlog" classname="com.stackroute.test.controller.BlogControllerTest" time="0.021"/>
  <testcase name="givenBlogToUpdateThenShouldReturnUpdatedBlog" classname="com.stackroute.test.controller.BlogControllerTest" time="0.023"/>
  <testcase name="givenGetAllBlogsThenShouldReturnListOfAllBlogs" classname="com.stackroute.test.controller.BlogControllerTest" time="0.038"/>
  <testcase name="givenBlogIdToDeleteThenShouldReturnDeletedBlog" classname="com.stackroute.test.controller.BlogControllerTest" time="0.023"/>
  <testcase name="givenBlogToSaveThenShouldReturnSavedBlog" classname="com.stackroute.test.controller.BlogControllerTest" time="0.027"/>
  <testcase name="givenBlogToSaveThenShouldNotReturnSavedBlog" classname="com.stackroute.test.controller.BlogControllerTest" time="0.026">
    <error message="Request processing failed; nested exception is com.stackroute.exception.BlogAlreadyExistsException" type="org.springframework.web.util.NestedServletException">org.springframework.web.util.NestedServletException: Request processing failed; nested exception is com.stackroute.exception.BlogAlreadyExistsException
	at com.stackroute.test.controller.BlogControllerTest.givenBlogToSaveThenShouldNotReturnSavedBlog(BlogControllerTest.java:78)
Caused by: com.stackroute.exception.BlogAlreadyExistsException
</error>
    <system-out><![CDATA[2023-04-26 16:06:03.311  INFO 4744 --- [           main] o.s.mock.web.MockServletContext          : Initializing Spring TestDispatcherServlet ''
2023-04-26 16:06:03.311  INFO 4744 --- [           main] o.s.t.web.servlet.TestDispatcherServlet  : Initializing Servlet ''
2023-04-26 16:06:03.311  INFO 4744 --- [           main] o.s.t.web.servlet.TestDispatcherServlet  : Completed initialization in 0 ms
]]></system-out>
  </testcase>
</testsuite>